move one disk from A to C
move one disk from A to B
move one disk from C to B
move one disk from A to C
move one disk from B to A
move one disk from B to C
move one disk from A to C
move one disk from A to B
move one disk from C to B
move one disk from C to A
move one disk from B to A
move one disk from C to B
move one disk from A to C
move one disk from A to B
move one disk from C to B
move one disk from A to C
move one disk from B to A
move one disk from B to C
move one disk from A to C
move one disk from B to A
move one disk from C to B
move one disk from C to A
move one disk from B to A
move one disk from B to C
move one disk from A to C
move one disk from A to B
move one disk from C to B
move one disk from A to C
move one disk from B to A
move one disk from B to C
move one disk from A to C
