0 0 True
0 1 False
0 2 True
0 3 False
0 4 True
0 5 True
0 6 True
0 7 False
0 8 False
0 9 True
1 0 False
1 1 True
1 2 False
1 3 False
1 4 False
1 5 False
1 6 False
1 7 False
1 8 True
1 9 False
2 0 True
2 1 False
2 2 True
2 3 False
2 4 False
2 5 False
2 6 False
2 7 False
2 8 True
2 9 True
3 0 False
3 1 False
3 2 False
3 3 True
3 4 False
3 5 True
3 6 True
3 7 False
3 8 False
3 9 False
4 0 True
4 1 False
4 2 False
4 3 False
4 4 True
4 5 False
4 6 False
4 7 False
4 8 True
4 9 True
5 0 True
5 1 False
5 2 False
5 3 True
5 4 False
5 5 True
5 6 True
5 7 False
5 8 True
5 9 True
6 0 True
6 1 False
6 2 False
6 3 True
6 4 False
6 5 True
6 6 True
6 7 False
6 8 True
6 9 True
7 0 False
7 1 False
7 2 False
7 3 False
7 4 False
7 5 False
7 6 False
7 7 True
7 8 False
7 9 False
8 0 False
8 1 True
8 2 True
8 3 False
8 4 True
8 5 True
8 6 True
8 7 False
8 8 True
8 9 True
9 0 True
9 1 False
9 2 True
9 3 False
9 4 True
9 5 True
9 6 True
9 7 False
9 8 True
9 9 True
